<?xml version="1.0" encoding="UTF-8"?>
<!-- Generated by org.testng.reporters.JUnitReportReporter -->
<testsuite hostname="GAJULAPALLI-PC" failures="0" tests="3" name="com.crm.qa.testcases.HomePageTest" time="63.025" errors="0" timestamp="2020-05-01T09:32:56 IST" skipped="0">
  <testcase classname="com.crm.qa.testcases.HomePageTest" name="verifyTitleOfHomePageTest" time="15.655"/>
  <system-out/>
  <testcase classname="com.crm.qa.testcases.HomePageTest" name="verifyLoggedInUserNameTest" time="23.581"/>
  <system-out/>
  <testcase classname="com.crm.qa.testcases.HomePageTest" name="verifyContactsLinkTest" time="23.789"/>
  <system-out/>
</testsuite> <!-- com.crm.qa.testcases.HomePageTest -->
