<?xml version="1.0" encoding="UTF-8"?>
<!-- Generated by org.testng.reporters.JUnitReportReporter -->
<testsuite hostname="GAJULAPALLI-PC" failures="0" tests="3" name="com.crm.qa.testcases.HomePageTest" time="71.369" errors="0" timestamp="2020-04-25T19:34:13 IST" skipped="0">
  <testcase classname="com.crm.qa.testcases.HomePageTest" name="verifyTitleOfHomePageTest" time="17.578"/>
  <system-out/>
  <testcase classname="com.crm.qa.testcases.HomePageTest" name="verifyLoggedInUserNameTest" time="25.316"/>
  <system-out/>
  <testcase classname="com.crm.qa.testcases.HomePageTest" name="verifyContactsLinkTest" time="28.475"/>
  <system-out/>
</testsuite> <!-- com.crm.qa.testcases.HomePageTest -->
